# JRE version: Java(TM) SE Runtime Environment 18.9 (11.0.11+9) (build 11.0.11+9-LTS-194)
# Java VM: Java HotSpot(TM) 64-Bit Server VM 18.9 (11.0.11+9-LTS-194, mixed mode, tiered, compressed oops, g1 gc, windows-amd64)
Heap:
 garbage-first heap   total 196608K, used 125063K [0x00000000e0000000, 0x0000000100000000)
  region size 1024K, 76 young (77824K), 6 survivors (6144K)
 Metaspace       used 44198K, capacity 45525K, committed 45644K, reserved 1089536K
  class space    used 5118K, capacity 5608K, committed 5708K, reserved 1048576K
GC Heap History (10 events):
Event: 6.634 GC heap after
{Heap after GC invocations=9 (full 0):
 garbage-first heap   total 196608K, used 30157K [0x00000000e0000000, 0x0000000100000000)
  region size 1024K, 11 young (11264K), 11 survivors (11264K)
 Metaspace       used 28647K, capacity 29430K, committed 29568K, reserved 1075200K
  class space    used 3135K, capacity 3448K, committed 3456K, reserved 1048576K
}
Event: 7.951 GC heap before
{Heap before GC invocations=9 (full 0):
 garbage-first heap   total 196608K, used 120269K [0x00000000e0000000, 0x0000000100000000)
  region size 1024K, 99 young (101376K), 11 survivors (11264K)
 Metaspace       used 34317K, capacity 35231K, committed 35456K, reserved 1081344K
  class space    used 3806K, capacity 4163K, committed 4224K, reserved 1048576K
}
Event: 7.977 GC heap after
{Heap after GC invocations=10 (full 0):
 garbage-first heap   total 196608K, used 37888K [0x00000000e0000000, 0x0000000100000000)
  region size 1024K, 13 young (13312K), 13 survivors (13312K)
 Metaspace       used 34317K, capacity 35231K, committed 35456K, reserved 1081344K
  class space    used 3806K, capacity 4163K, committed 4224K, reserved 1048576K
}
Event: 8.581 GC heap before
{Heap before GC invocations=10 (full 0):
 garbage-first heap   total 196608K, used 41984K [0x00000000e0000000, 0x0000000100000000)
  region size 1024K, 18 young (18432K), 13 survivors (13312K)
 Metaspace       used 34892K, capacity 35818K, committed 35840K, reserved 1081344K
  class space    used 3865K, capacity 4212K, committed 4224K, reserved 1048576K
}
Event: 8.614 GC heap after
{Heap after GC invocations=11 (full 0):
 garbage-first heap   total 196608K, used 39936K [0x00000000e0000000, 0x0000000100000000)
  region size 1024K, 2 young (2048K), 2 survivors (2048K)
 Metaspace       used 34892K, capacity 35818K, committed 35840K, reserved 1081344K
  class space    used 3865K, capacity 4212K, committed 4224K, reserved 1048576K
}
Event: 10.596 GC heap before
{Heap before GC invocations=12 (full 0):
 garbage-first heap   total 196608K, used 106496K [0x00000000e0000000, 0x0000000100000000)
  region size 1024K, 67 young (68608K), 2 survivors (2048K)
 Metaspace       used 37643K, capacity 38834K, committed 39116K, reserved 1083392K
  class space    used 4280K, capacity 4716K, committed 4812K, reserved 1048576K
}
Event: 10.606 GC heap after
{Heap after GC invocations=13 (full 0):
 garbage-first heap   total 196608K, used 43008K [0x00000000e0000000, 0x0000000100000000)
  region size 1024K, 5 young (5120K), 5 survivors (5120K)
 Metaspace       used 37643K, capacity 38834K, committed 39116K, reserved 1083392K
  class space    used 4280K, capacity 4716K, committed 4812K, reserved 1048576K
}
Event: 20.397 GC heap before
{Heap before GC invocations=14 (full 0):
 garbage-first heap   total 196608K, used 119808K [0x00000000e0000000, 0x0000000100000000)
  region size 1024K, 75 young (76800K), 5 survivors (5120K)
 Metaspace       used 40996K, capacity 42314K, committed 42444K, reserved 1087488K
  class space    used 4734K, capacity 5238K, committed 5324K, reserved 1048576K
}
Event: 20.414 GC heap after
{Heap after GC invocations=15 (full 0):
 garbage-first heap   total 196608K, used 53383K [0x00000000e0000000, 0x0000000100000000)
  region size 1024K, 10 young (10240K), 10 survivors (10240K)
 Metaspace       used 40996K, capacity 42314K, committed 42444K, reserved 1087488K
  class space    used 4734K, capacity 5238K, committed 5324K, reserved 1048576K
}
Event: 21.756 GC heap before
{Heap before GC invocations=15 (full 0):
 garbage-first heap   total 196608K, used 125063K [0x00000000e0000000, 0x0000000100000000)
  region size 1024K, 80 young (81920K), 10 survivors (10240K)
 Metaspace       used 44198K, capacity 45525K, committed 45644K, reserved 1089536K
  class space    used 5118K, capacity 5608K, committed 5708K, reserved 1048576K
}

